Nonterminals useless in grammar

    TERNARY


Terminals unused in grammar

    T_MOD
    T_TERNARY
    T_MOD_EQUALS
    T_OPEN_BRACKETS
    T_CLOSE_BRACKETS
    T_COLON
    T_VARNAME
    T_EXPONENT
    T_LBRACKET
    T_RBRACKET
    T_LOG
    T_EXP
    T_SQRT


State 0 conflicts: 4 shift/reduce
State 7 conflicts: 4 shift/reduce, 1 reduce/reduce
State 155 conflicts: 1 shift/reduce


Grammar

    0 $accept: ROOT $end

    1 ROOT: PROGRAM

    2 PROGRAM: EXTERNAL_DECLARATION PROGRAM
    3        | EXTERNAL_DECLARATION

    4 EXTERNAL_DECLARATION: FUNCTION_DEF
    5                     | FUNCTION_DEC
    6                     | GLOBAL_DECLARATION

    7 GLOBAL_DECLARATION: TYPE GLOBAL_VAR_DEF_LIST T_SEMICOLON

    8 GLOBAL_VAR_DEF_LIST: GLOBAL_VAR_DEF T_COMMA GLOBAL_VAR_DEF_LIST
    9                    | GLOBAL_VAR_DEF

   10 GLOBAL_VAR_DEF: T_VARIABLE
   11               | T_VARIABLE T_EQUAL EXPR

   12 FUNCTION_DEF: TYPE T_VARIABLE T_OPEN_PARENTHESES T_CLOSE_PARENTHESES SCOPE
   13             | TYPE T_VARIABLE T_OPEN_PARENTHESES PARAMETER_LIST T_CLOSE_PARENTHESES SCOPE

   14 FUNCTION_DEC: %empty
   15             | TYPE T_VARIABLE T_OPEN_PARENTHESES T_CLOSE_PARENTHESES T_SEMICOLON
   16             | TYPE T_VARIABLE T_OPEN_PARENTHESES PARAMETER_LIST T_CLOSE_PARENTHESES T_SEMICOLON

   17 PARAMETER_LIST: PARAMETER T_COMMA PARAMETER_LIST
   18               | PARAMETER

   19 PARAMETER: TYPE T_VARIABLE

   20 SCOPE: T_OPEN_BRACES SCOPE_BODY T_CLOSE_BRACES
   21      | T_OPEN_BRACES T_CLOSE_BRACES

   22 SCOPE_BODY: STATEMENT SCOPE_BODY
   23           | STATEMENT

   24 STATEMENT: LOCAL_DECLARATION T_SEMICOLON
   25          | T_RETURN EXPR T_SEMICOLON
   26          | T_RETURN T_SEMICOLON
   27          | EXPR T_SEMICOLON
   28          | T_WHILE T_OPEN_PARENTHESES EXPR T_CLOSE_PARENTHESES STATEMENT_SCOPE
   29          | T_IF T_OPEN_PARENTHESES EXPR T_CLOSE_PARENTHESES STATEMENT_SCOPE
   30          | T_IF T_OPEN_PARENTHESES EXPR T_CLOSE_PARENTHESES STATEMENT_SCOPE T_ELSE STATEMENT_SCOPE
   31          | T_FOR T_OPEN_PARENTHESES STATEMENT STATEMENT EXPR T_CLOSE_PARENTHESES STATEMENT_SCOPE

   32 STATEMENT_SCOPE: STATEMENT
   33                | SCOPE

   34 LOCAL_DECLARATION: TYPE LOCAL_VAR_DEF_LIST

   35 LOCAL_VAR_DEF_LIST: LOCAL_VAR_DEF T_COMMA LOCAL_VAR_DEF_LIST
   36                   | LOCAL_VAR_DEF

   37 LOCAL_VAR_DEF: T_VARIABLE
   38              | T_VARIABLE T_EQUAL EXPR

   39 TYPE: T_INT
   40     | T_DOUBLE
   41     | T_FLOAT
   42     | T_VOID

   43 PARAMETERS_IN_LIST: EXPR T_COMMA PARAMETERS_IN_LIST
   44                   | EXPR

   45 EXPR: LOGICAL_OR
   46     | ASSIGNMENT

   47 ASSIGNMENT: T_VARIABLE T_EQUAL EXPR
   48           | T_VARIABLE T_PLUS_EQUALS EXPR
   49           | T_VARIABLE T_MINUS_EQUALS EXPR
   50           | T_VARIABLE T_TIMES_EQUALS EXPR
   51           | T_VARIABLE T_DIVIDE_EQUALS EXPR

   52 LOGICAL_OR: LOGICAL_AND T_LOGICAL_OR LOGICAL_OR
   53           | LOGICAL_AND

   54 LOGICAL_AND: BIT_OR T_LOGICAL_AND LOGICAL_AND
   55            | BIT_OR

   56 BIT_OR: BIT_XOR T_BITWISE_OR BIT_OR
   57       | BIT_XOR

   58 BIT_XOR: BIT_AND T_BITWISE_XOR BIT_XOR
   59        | BIT_AND

   60 BIT_AND: COMPARE_EQUAL T_BITWISE_AND BIT_AND
   61        | COMPARE_EQUAL

   62 COMPARE_EQUAL: COMPARE_DIFFERENT T_EQUAL_TO COMPARE_EQUAL
   63              | COMPARE_DIFFERENT T_NOT_EQUAL_TO COMPARE_EQUAL
   64              | COMPARE_DIFFERENT

   65 COMPARE_DIFFERENT: SHIFT T_LT COMPARE_DIFFERENT
   66                  | SHIFT T_LTEQ COMPARE_DIFFERENT
   67                  | SHIFT T_GT COMPARE_DIFFERENT
   68                  | SHIFT T_GTEQ COMPARE_DIFFERENT
   69                  | SHIFT

   70 SHIFT: ADD_SUBTRACT T_LEFT_SHIFT SHIFT
   71      | ADD_SUBTRACT T_RIGHT_SHIFT SHIFT
   72      | ADD_SUBTRACT

   73 ADD_SUBTRACT: TERM T_PLUS ADD_SUBTRACT
   74             | TERM T_MINUS ADD_SUBTRACT
   75             | TERM

   76 TERM: UNARY T_TIMES TERM
   77     | UNARY T_DIVIDE TERM
   78     | UNARY

   79 UNARY: T_MINUS UNARY
   80      | FACTOR
   81      | T_VARIABLE T_INCREMENT
   82      | T_INCREMENT T_VARIABLE
   83      | T_VARIABLE T_DECREMENT
   84      | T_DECREMENT T_VARIABLE
   85      | T_LOGICAL_NOT FACTOR
   86      | T_BITWISE_COMP FACTOR

   87 FACTOR: T_NUMBER
   88       | T_OPEN_PARENTHESES EXPR T_CLOSE_PARENTHESES
   89       | T_VARIABLE
   90       | T_VARIABLE T_OPEN_PARENTHESES PARAMETERS_IN_LIST T_CLOSE_PARENTHESES
   91       | T_VARIABLE T_OPEN_PARENTHESES T_CLOSE_PARENTHESES


Terminals, with rules where they appear

    $end (0) 0
    error (256)
    T_INT <string> (258) 39
    T_VOID <string> (259) 42
    T_FLOAT <string> (260) 41
    T_DOUBLE <string> (261) 40
    T_RETURN <string> (262) 25 26
    T_IF <string> (263) 29 30
    T_ELSE <string> (264) 30
    T_WHILE <string> (265) 28
    T_FOR <string> (266) 31
    T_TIMES (267) 76
    T_PLUS (268) 73
    T_MINUS (269) 74 79
    T_DIVIDE (270) 77
    T_MOD (271)
    T_INCREMENT (272) 81 82
    T_DECREMENT (273) 83 84
    T_EQUAL_TO (274) 62
    T_NOT_EQUAL_TO (275) 63
    T_LT (276) 65
    T_GT (277) 67
    T_LTEQ (278) 66
    T_GTEQ (279) 68
    T_LOGICAL_OR (280) 52
    T_LOGICAL_AND (281) 54
    T_LOGICAL_NOT (282) 85
    T_TERNARY (283)
    T_BITWISE_OR (284) 56
    T_BITWISE_AND (285) 60
    T_BITWISE_XOR (286) 58
    T_BITWISE_COMP (287) 86
    T_LEFT_SHIFT (288) 70
    T_RIGHT_SHIFT (289) 71
    T_EQUAL (290) 11 38 47
    T_PLUS_EQUALS (291) 48
    T_MINUS_EQUALS (292) 49
    T_TIMES_EQUALS (293) 50
    T_DIVIDE_EQUALS (294) 51
    T_MOD_EQUALS (295)
    T_OPEN_PARENTHESES (296) 12 13 15 16 28 29 30 31 88 90 91
    T_CLOSE_PARENTHESES (297) 12 13 15 16 28 29 30 31 88 90 91
    T_OPEN_BRACKETS (298)
    T_CLOSE_BRACKETS (299)
    T_OPEN_BRACES (300) 20 21
    T_CLOSE_BRACES (301) 20 21
    T_SEMICOLON (302) 7 15 16 24 25 26 27
    T_COLON (303)
    T_COMMA (304) 8 17 35 43
    T_VARNAME (305)
    T_EXPONENT (306)
    T_LBRACKET (307)
    T_RBRACKET (308)
    T_LOG (309)
    T_EXP (310)
    T_SQRT (311)
    T_NUMBER <number> (312) 87
    T_VARIABLE <string> (313) 10 11 12 13 15 16 19 37 38 47 48 49 50 51 81 82 83 84 89 90 91


Nonterminals, with rules where they appear

    $accept (59)
        on left: 0
    ROOT <expr> (60)
        on left: 1
        on right: 0
    PROGRAM <expr> (61)
        on left: 2 3
        on right: 1 2
    EXTERNAL_DECLARATION <expr> (62)
        on left: 4 5 6
        on right: 2 3
    GLOBAL_DECLARATION <expr> (63)
        on left: 7
        on right: 6
    GLOBAL_VAR_DEF_LIST <expr> (64)
        on left: 8 9
        on right: 7 8
    GLOBAL_VAR_DEF <expr> (65)
        on left: 10 11
        on right: 8 9
    FUNCTION_DEF <expr> (66)
        on left: 12 13
        on right: 4
    FUNCTION_DEC <expr> (67)
        on left: 14 15 16
        on right: 5
    PARAMETER_LIST <expr> (68)
        on left: 17 18
        on right: 13 16 17
    PARAMETER <expr> (69)
        on left: 19
        on right: 17 18
    SCOPE <expr> (70)
        on left: 20 21
        on right: 12 13 33
    SCOPE_BODY <expr> (71)
        on left: 22 23
        on right: 20 22
    STATEMENT <expr> (72)
        on left: 24 25 26 27 28 29 30 31
        on right: 22 23 31 32
    STATEMENT_SCOPE <expr> (73)
        on left: 32 33
        on right: 28 29 30 31
    LOCAL_DECLARATION <expr> (74)
        on left: 34
        on right: 24
    LOCAL_VAR_DEF_LIST <expr> (75)
        on left: 35 36
        on right: 34 35
    LOCAL_VAR_DEF <expr> (76)
        on left: 37 38
        on right: 35 36
    TYPE <string> (77)
        on left: 39 40 41 42
        on right: 7 12 13 15 16 19 34
    PARAMETERS_IN_LIST <expr> (78)
        on left: 43 44
        on right: 43 90
    EXPR <expr> (79)
        on left: 45 46
        on right: 11 25 27 28 29 30 31 38 43 44 47 48 49 50 51 88
    ASSIGNMENT <expr> (80)
        on left: 47 48 49 50 51
        on right: 46
    LOGICAL_OR <expr> (81)
        on left: 52 53
        on right: 45 52
    LOGICAL_AND <expr> (82)
        on left: 54 55
        on right: 52 53 54
    BIT_OR <expr> (83)
        on left: 56 57
        on right: 54 55 56
    BIT_XOR <expr> (84)
        on left: 58 59
        on right: 56 57 58
    BIT_AND <expr> (85)
        on left: 60 61
        on right: 58 59 60
    COMPARE_EQUAL <expr> (86)
        on left: 62 63 64
        on right: 60 61 62 63
    COMPARE_DIFFERENT <expr> (87)
        on left: 65 66 67 68 69
        on right: 62 63 64 65 66 67 68
    SHIFT <expr> (88)
        on left: 70 71 72
        on right: 65 66 67 68 69 70 71
    ADD_SUBTRACT <expr> (89)
        on left: 73 74 75
        on right: 70 71 72 73 74
    TERM <expr> (90)
        on left: 76 77 78
        on right: 73 74 75 76 77
    UNARY <expr> (91)
        on left: 79 80 81 82 83 84 85 86
        on right: 76 77 78 79
    FACTOR <expr> (92)
        on left: 87 88 89 90 91
        on right: 80 85 86


State 0

    0 $accept: . ROOT $end

    T_INT     shift, and go to state 1
    T_VOID    shift, and go to state 2
    T_FLOAT   shift, and go to state 3
    T_DOUBLE  shift, and go to state 4

    T_INT     [reduce using rule 14 (FUNCTION_DEC)]
    T_VOID    [reduce using rule 14 (FUNCTION_DEC)]
    T_FLOAT   [reduce using rule 14 (FUNCTION_DEC)]
    T_DOUBLE  [reduce using rule 14 (FUNCTION_DEC)]
    $default  reduce using rule 14 (FUNCTION_DEC)

    ROOT                  go to state 5
    PROGRAM               go to state 6
    EXTERNAL_DECLARATION  go to state 7
    GLOBAL_DECLARATION    go to state 8
    FUNCTION_DEF          go to state 9
    FUNCTION_DEC          go to state 10
    TYPE                  go to state 11


State 1

   39 TYPE: T_INT .

    $default  reduce using rule 39 (TYPE)


State 2

   42 TYPE: T_VOID .

    $default  reduce using rule 42 (TYPE)


State 3

   41 TYPE: T_FLOAT .

    $default  reduce using rule 41 (TYPE)


State 4

   40 TYPE: T_DOUBLE .

    $default  reduce using rule 40 (TYPE)


State 5

    0 $accept: ROOT . $end

    $end  shift, and go to state 12


State 6

    1 ROOT: PROGRAM .

    $default  reduce using rule 1 (ROOT)


State 7

    2 PROGRAM: EXTERNAL_DECLARATION . PROGRAM
    3        | EXTERNAL_DECLARATION .

    T_INT     shift, and go to state 1
    T_VOID    shift, and go to state 2
    T_FLOAT   shift, and go to state 3
    T_DOUBLE  shift, and go to state 4

    $end      reduce using rule 3 (PROGRAM)
    $end      [reduce using rule 14 (FUNCTION_DEC)]
    T_INT     [reduce using rule 14 (FUNCTION_DEC)]
    T_VOID    [reduce using rule 14 (FUNCTION_DEC)]
    T_FLOAT   [reduce using rule 14 (FUNCTION_DEC)]
    T_DOUBLE  [reduce using rule 14 (FUNCTION_DEC)]
    $default  reduce using rule 3 (PROGRAM)

    PROGRAM               go to state 13
    EXTERNAL_DECLARATION  go to state 7
    GLOBAL_DECLARATION    go to state 8
    FUNCTION_DEF          go to state 9
    FUNCTION_DEC          go to state 10
    TYPE                  go to state 11


State 8

    6 EXTERNAL_DECLARATION: GLOBAL_DECLARATION .

    $default  reduce using rule 6 (EXTERNAL_DECLARATION)


State 9

    4 EXTERNAL_DECLARATION: FUNCTION_DEF .

    $default  reduce using rule 4 (EXTERNAL_DECLARATION)


State 10

    5 EXTERNAL_DECLARATION: FUNCTION_DEC .

    $default  reduce using rule 5 (EXTERNAL_DECLARATION)


State 11

    7 GLOBAL_DECLARATION: TYPE . GLOBAL_VAR_DEF_LIST T_SEMICOLON
   12 FUNCTION_DEF: TYPE . T_VARIABLE T_OPEN_PARENTHESES T_CLOSE_PARENTHESES SCOPE
   13             | TYPE . T_VARIABLE T_OPEN_PARENTHESES PARAMETER_LIST T_CLOSE_PARENTHESES SCOPE
   15 FUNCTION_DEC: TYPE . T_VARIABLE T_OPEN_PARENTHESES T_CLOSE_PARENTHESES T_SEMICOLON
   16             | TYPE . T_VARIABLE T_OPEN_PARENTHESES PARAMETER_LIST T_CLOSE_PARENTHESES T_SEMICOLON

    T_VARIABLE  shift, and go to state 14

    GLOBAL_VAR_DEF_LIST  go to state 15
    GLOBAL_VAR_DEF       go to state 16


State 12

    0 $accept: ROOT $end .

    $default  accept


State 13

    2 PROGRAM: EXTERNAL_DECLARATION PROGRAM .

    $default  reduce using rule 2 (PROGRAM)


State 14

   10 GLOBAL_VAR_DEF: T_VARIABLE .
   11               | T_VARIABLE . T_EQUAL EXPR
   12 FUNCTION_DEF: TYPE T_VARIABLE . T_OPEN_PARENTHESES T_CLOSE_PARENTHESES SCOPE
   13             | TYPE T_VARIABLE . T_OPEN_PARENTHESES PARAMETER_LIST T_CLOSE_PARENTHESES SCOPE
   15 FUNCTION_DEC: TYPE T_VARIABLE . T_OPEN_PARENTHESES T_CLOSE_PARENTHESES T_SEMICOLON
   16             | TYPE T_VARIABLE . T_OPEN_PARENTHESES PARAMETER_LIST T_CLOSE_PARENTHESES T_SEMICOLON

    T_EQUAL             shift, and go to state 17
    T_OPEN_PARENTHESES  shift, and go to state 18

    $default  reduce using rule 10 (GLOBAL_VAR_DEF)


State 15

    7 GLOBAL_DECLARATION: TYPE GLOBAL_VAR_DEF_LIST . T_SEMICOLON

    T_SEMICOLON  shift, and go to state 19


State 16

    8 GLOBAL_VAR_DEF_LIST: GLOBAL_VAR_DEF . T_COMMA GLOBAL_VAR_DEF_LIST
    9                    | GLOBAL_VAR_DEF .

    T_COMMA  shift, and go to state 20

    $default  reduce using rule 9 (GLOBAL_VAR_DEF_LIST)


State 17

   11 GLOBAL_VAR_DEF: T_VARIABLE T_EQUAL . EXPR

    T_MINUS             shift, and go to state 21
    T_INCREMENT         shift, and go to state 22
    T_DECREMENT         shift, and go to state 23
    T_LOGICAL_NOT       shift, and go to state 24
    T_BITWISE_COMP      shift, and go to state 25
    T_OPEN_PARENTHESES  shift, and go to state 26
    T_NUMBER            shift, and go to state 27
    T_VARIABLE          shift, and go to state 28

    EXPR               go to state 29
    ASSIGNMENT         go to state 30
    LOGICAL_OR         go to state 31
    LOGICAL_AND        go to state 32
    BIT_OR             go to state 33
    BIT_XOR            go to state 34
    BIT_AND            go to state 35
    COMPARE_EQUAL      go to state 36
    COMPARE_DIFFERENT  go to state 37
    SHIFT              go to state 38
    ADD_SUBTRACT       go to state 39
    TERM               go to state 40
    UNARY              go to state 41
    FACTOR             go to state 42


State 18

   12 FUNCTION_DEF: TYPE T_VARIABLE T_OPEN_PARENTHESES . T_CLOSE_PARENTHESES SCOPE
   13             | TYPE T_VARIABLE T_OPEN_PARENTHESES . PARAMETER_LIST T_CLOSE_PARENTHESES SCOPE
   15 FUNCTION_DEC: TYPE T_VARIABLE T_OPEN_PARENTHESES . T_CLOSE_PARENTHESES T_SEMICOLON
   16             | TYPE T_VARIABLE T_OPEN_PARENTHESES . PARAMETER_LIST T_CLOSE_PARENTHESES T_SEMICOLON

    T_INT                shift, and go to state 1
    T_VOID               shift, and go to state 2
    T_FLOAT              shift, and go to state 3
    T_DOUBLE             shift, and go to state 4
    T_CLOSE_PARENTHESES  shift, and go to state 43

    PARAMETER_LIST  go to state 44
    PARAMETER       go to state 45
    TYPE            go to state 46


State 19

    7 GLOBAL_DECLARATION: TYPE GLOBAL_VAR_DEF_LIST T_SEMICOLON .

    $default  reduce using rule 7 (GLOBAL_DECLARATION)


State 20

    8 GLOBAL_VAR_DEF_LIST: GLOBAL_VAR_DEF T_COMMA . GLOBAL_VAR_DEF_LIST

    T_VARIABLE  shift, and go to state 47

    GLOBAL_VAR_DEF_LIST  go to state 48
    GLOBAL_VAR_DEF       go to state 16


State 21

   79 UNARY: T_MINUS . UNARY

    T_MINUS             shift, and go to state 21
    T_INCREMENT         shift, and go to state 22
    T_DECREMENT         shift, and go to state 23
    T_LOGICAL_NOT       shift, and go to state 24
    T_BITWISE_COMP      shift, and go to state 25
    T_OPEN_PARENTHESES  shift, and go to state 26
    T_NUMBER            shift, and go to state 27
    T_VARIABLE          shift, and go to state 49

    UNARY   go to state 50
    FACTOR  go to state 42


State 22

   82 UNARY: T_INCREMENT . T_VARIABLE

    T_VARIABLE  shift, and go to state 51


State 23

   84 UNARY: T_DECREMENT . T_VARIABLE

    T_VARIABLE  shift, and go to state 52


State 24

   85 UNARY: T_LOGICAL_NOT . FACTOR

    T_OPEN_PARENTHESES  shift, and go to state 26
    T_NUMBER            shift, and go to state 27
    T_VARIABLE          shift, and go to state 53

    FACTOR  go to state 54


State 25

   86 UNARY: T_BITWISE_COMP . FACTOR

    T_OPEN_PARENTHESES  shift, and go to state 26
    T_NUMBER            shift, and go to state 27
    T_VARIABLE          shift, and go to state 53

    FACTOR  go to state 55


State 26

   88 FACTOR: T_OPEN_PARENTHESES . EXPR T_CLOSE_PARENTHESES

    T_MINUS             shift, and go to state 21
    T_INCREMENT         shift, and go to state 22
    T_DECREMENT         shift, and go to state 23
    T_LOGICAL_NOT       shift, and go to state 24
    T_BITWISE_COMP      shift, and go to state 25
    T_OPEN_PARENTHESES  shift, and go to state 26
    T_NUMBER            shift, and go to state 27
    T_VARIABLE          shift, and go to state 28

    EXPR               go to state 56
    ASSIGNMENT         go to state 30
    LOGICAL_OR         go to state 31
    LOGICAL_AND        go to state 32
    BIT_OR             go to state 33
    BIT_XOR            go to state 34
    BIT_AND            go to state 35
    COMPARE_EQUAL      go to state 36
    COMPARE_DIFFERENT  go to state 37
    SHIFT              go to state 38
    ADD_SUBTRACT       go to state 39
    TERM               go to state 40
    UNARY              go to state 41
    FACTOR             go to state 42


State 27

   87 FACTOR: T_NUMBER .

    $default  reduce using rule 87 (FACTOR)


State 28

   47 ASSIGNMENT: T_VARIABLE . T_EQUAL EXPR
   48           | T_VARIABLE . T_PLUS_EQUALS EXPR
   49           | T_VARIABLE . T_MINUS_EQUALS EXPR
   50           | T_VARIABLE . T_TIMES_EQUALS EXPR
   51           | T_VARIABLE . T_DIVIDE_EQUALS EXPR
   81 UNARY: T_VARIABLE . T_INCREMENT
   83      | T_VARIABLE . T_DECREMENT
   89 FACTOR: T_VARIABLE .
   90       | T_VARIABLE . T_OPEN_PARENTHESES PARAMETERS_IN_LIST T_CLOSE_PARENTHESES
   91       | T_VARIABLE . T_OPEN_PARENTHESES T_CLOSE_PARENTHESES

    T_INCREMENT         shift, and go to state 57
    T_DECREMENT         shift, and go to state 58
    T_EQUAL             shift, and go to state 59
    T_PLUS_EQUALS       shift, and go to state 60
    T_MINUS_EQUALS      shift, and go to state 61
    T_TIMES_EQUALS      shift, and go to state 62
    T_DIVIDE_EQUALS     shift, and go to state 63
    T_OPEN_PARENTHESES  shift, and go to state 64

    $default  reduce using rule 89 (FACTOR)


State 29

   11 GLOBAL_VAR_DEF: T_VARIABLE T_EQUAL EXPR .

    $default  reduce using rule 11 (GLOBAL_VAR_DEF)


State 30

   46 EXPR: ASSIGNMENT .

    $default  reduce using rule 46 (EXPR)


State 31

   45 EXPR: LOGICAL_OR .

    $default  reduce using rule 45 (EXPR)


State 32

   52 LOGICAL_OR: LOGICAL_AND . T_LOGICAL_OR LOGICAL_OR
   53           | LOGICAL_AND .

    T_LOGICAL_OR  shift, and go to state 65

    $default  reduce using rule 53 (LOGICAL_OR)


State 33

   54 LOGICAL_AND: BIT_OR . T_LOGICAL_AND LOGICAL_AND
   55            | BIT_OR .

    T_LOGICAL_AND  shift, and go to state 66

    $default  reduce using rule 55 (LOGICAL_AND)


State 34

   56 BIT_OR: BIT_XOR . T_BITWISE_OR BIT_OR
   57       | BIT_XOR .

    T_BITWISE_OR  shift, and go to state 67

    $default  reduce using rule 57 (BIT_OR)


State 35

   58 BIT_XOR: BIT_AND . T_BITWISE_XOR BIT_XOR
   59        | BIT_AND .

    T_BITWISE_XOR  shift, and go to state 68

    $default  reduce using rule 59 (BIT_XOR)


State 36

   60 BIT_AND: COMPARE_EQUAL . T_BITWISE_AND BIT_AND
   61        | COMPARE_EQUAL .

    T_BITWISE_AND  shift, and go to state 69

    $default  reduce using rule 61 (BIT_AND)


State 37

   62 COMPARE_EQUAL: COMPARE_DIFFERENT . T_EQUAL_TO COMPARE_EQUAL
   63              | COMPARE_DIFFERENT . T_NOT_EQUAL_TO COMPARE_EQUAL
   64              | COMPARE_DIFFERENT .

    T_EQUAL_TO      shift, and go to state 70
    T_NOT_EQUAL_TO  shift, and go to state 71

    $default  reduce using rule 64 (COMPARE_EQUAL)


State 38

   65 COMPARE_DIFFERENT: SHIFT . T_LT COMPARE_DIFFERENT
   66                  | SHIFT . T_LTEQ COMPARE_DIFFERENT
   67                  | SHIFT . T_GT COMPARE_DIFFERENT
   68                  | SHIFT . T_GTEQ COMPARE_DIFFERENT
   69                  | SHIFT .

    T_LT    shift, and go to state 72
    T_GT    shift, and go to state 73
    T_LTEQ  shift, and go to state 74
    T_GTEQ  shift, and go to state 75

    $default  reduce using rule 69 (COMPARE_DIFFERENT)


State 39

   70 SHIFT: ADD_SUBTRACT . T_LEFT_SHIFT SHIFT
   71      | ADD_SUBTRACT . T_RIGHT_SHIFT SHIFT
   72      | ADD_SUBTRACT .

    T_LEFT_SHIFT   shift, and go to state 76
    T_RIGHT_SHIFT  shift, and go to state 77

    $default  reduce using rule 72 (SHIFT)


State 40

   73 ADD_SUBTRACT: TERM . T_PLUS ADD_SUBTRACT
   74             | TERM . T_MINUS ADD_SUBTRACT
   75             | TERM .

    T_PLUS   shift, and go to state 78
    T_MINUS  shift, and go to state 79

    $default  reduce using rule 75 (ADD_SUBTRACT)


State 41

   76 TERM: UNARY . T_TIMES TERM
   77     | UNARY . T_DIVIDE TERM
   78     | UNARY .

    T_TIMES   shift, and go to state 80
    T_DIVIDE  shift, and go to state 81

    $default  reduce using rule 78 (TERM)


State 42

   80 UNARY: FACTOR .

    $default  reduce using rule 80 (UNARY)


State 43

   12 FUNCTION_DEF: TYPE T_VARIABLE T_OPEN_PARENTHESES T_CLOSE_PARENTHESES . SCOPE
   15 FUNCTION_DEC: TYPE T_VARIABLE T_OPEN_PARENTHESES T_CLOSE_PARENTHESES . T_SEMICOLON

    T_OPEN_BRACES  shift, and go to state 82
    T_SEMICOLON    shift, and go to state 83

    SCOPE  go to state 84


State 44

   13 FUNCTION_DEF: TYPE T_VARIABLE T_OPEN_PARENTHESES PARAMETER_LIST . T_CLOSE_PARENTHESES SCOPE
   16 FUNCTION_DEC: TYPE T_VARIABLE T_OPEN_PARENTHESES PARAMETER_LIST . T_CLOSE_PARENTHESES T_SEMICOLON

    T_CLOSE_PARENTHESES  shift, and go to state 85


State 45

   17 PARAMETER_LIST: PARAMETER . T_COMMA PARAMETER_LIST
   18               | PARAMETER .

    T_COMMA  shift, and go to state 86

    $default  reduce using rule 18 (PARAMETER_LIST)


State 46

   19 PARAMETER: TYPE . T_VARIABLE

    T_VARIABLE  shift, and go to state 87


State 47

   10 GLOBAL_VAR_DEF: T_VARIABLE .
   11               | T_VARIABLE . T_EQUAL EXPR

    T_EQUAL  shift, and go to state 17

    $default  reduce using rule 10 (GLOBAL_VAR_DEF)


State 48

    8 GLOBAL_VAR_DEF_LIST: GLOBAL_VAR_DEF T_COMMA GLOBAL_VAR_DEF_LIST .

    $default  reduce using rule 8 (GLOBAL_VAR_DEF_LIST)


State 49

   81 UNARY: T_VARIABLE . T_INCREMENT
   83      | T_VARIABLE . T_DECREMENT
   89 FACTOR: T_VARIABLE .
   90       | T_VARIABLE . T_OPEN_PARENTHESES PARAMETERS_IN_LIST T_CLOSE_PARENTHESES
   91       | T_VARIABLE . T_OPEN_PARENTHESES T_CLOSE_PARENTHESES

    T_INCREMENT         shift, and go to state 57
    T_DECREMENT         shift, and go to state 58
    T_OPEN_PARENTHESES  shift, and go to state 64

    $default  reduce using rule 89 (FACTOR)


State 50

   79 UNARY: T_MINUS UNARY .

    $default  reduce using rule 79 (UNARY)


State 51

   82 UNARY: T_INCREMENT T_VARIABLE .

    $default  reduce using rule 82 (UNARY)


State 52

   84 UNARY: T_DECREMENT T_VARIABLE .

    $default  reduce using rule 84 (UNARY)


State 53

   89 FACTOR: T_VARIABLE .
   90       | T_VARIABLE . T_OPEN_PARENTHESES PARAMETERS_IN_LIST T_CLOSE_PARENTHESES
   91       | T_VARIABLE . T_OPEN_PARENTHESES T_CLOSE_PARENTHESES

    T_OPEN_PARENTHESES  shift, and go to state 64

    $default  reduce using rule 89 (FACTOR)


State 54

   85 UNARY: T_LOGICAL_NOT FACTOR .

    $default  reduce using rule 85 (UNARY)


State 55

   86 UNARY: T_BITWISE_COMP FACTOR .

    $default  reduce using rule 86 (UNARY)


State 56

   88 FACTOR: T_OPEN_PARENTHESES EXPR . T_CLOSE_PARENTHESES

    T_CLOSE_PARENTHESES  shift, and go to state 88


State 57

   81 UNARY: T_VARIABLE T_INCREMENT .

    $default  reduce using rule 81 (UNARY)


State 58

   83 UNARY: T_VARIABLE T_DECREMENT .

    $default  reduce using rule 83 (UNARY)


State 59

   47 ASSIGNMENT: T_VARIABLE T_EQUAL . EXPR

    T_MINUS             shift, and go to state 21
    T_INCREMENT         shift, and go to state 22
    T_DECREMENT         shift, and go to state 23
    T_LOGICAL_NOT       shift, and go to state 24
    T_BITWISE_COMP      shift, and go to state 25
    T_OPEN_PARENTHESES  shift, and go to state 26
    T_NUMBER            shift, and go to state 27
    T_VARIABLE          shift, and go to state 28

    EXPR               go to state 89
    ASSIGNMENT         go to state 30
    LOGICAL_OR         go to state 31
    LOGICAL_AND        go to state 32
    BIT_OR             go to state 33
    BIT_XOR            go to state 34
    BIT_AND            go to state 35
    COMPARE_EQUAL      go to state 36
    COMPARE_DIFFERENT  go to state 37
    SHIFT              go to state 38
    ADD_SUBTRACT       go to state 39
    TERM               go to state 40
    UNARY              go to state 41
    FACTOR             go to state 42


State 60

   48 ASSIGNMENT: T_VARIABLE T_PLUS_EQUALS . EXPR

    T_MINUS             shift, and go to state 21
    T_INCREMENT         shift, and go to state 22
    T_DECREMENT         shift, and go to state 23
    T_LOGICAL_NOT       shift, and go to state 24
    T_BITWISE_COMP      shift, and go to state 25
    T_OPEN_PARENTHESES  shift, and go to state 26
    T_NUMBER            shift, and go to state 27
    T_VARIABLE          shift, and go to state 28

    EXPR               go to state 90
    ASSIGNMENT         go to state 30
    LOGICAL_OR         go to state 31
    LOGICAL_AND        go to state 32
    BIT_OR             go to state 33
    BIT_XOR            go to state 34
    BIT_AND            go to state 35
    COMPARE_EQUAL      go to state 36
    COMPARE_DIFFERENT  go to state 37
    SHIFT              go to state 38
    ADD_SUBTRACT       go to state 39
    TERM               go to state 40
    UNARY              go to state 41
    FACTOR             go to state 42


State 61

   49 ASSIGNMENT: T_VARIABLE T_MINUS_EQUALS . EXPR

    T_MINUS             shift, and go to state 21
    T_INCREMENT         shift, and go to state 22
    T_DECREMENT         shift, and go to state 23
    T_LOGICAL_NOT       shift, and go to state 24
    T_BITWISE_COMP      shift, and go to state 25
    T_OPEN_PARENTHESES  shift, and go to state 26
    T_NUMBER            shift, and go to state 27
    T_VARIABLE          shift, and go to state 28

    EXPR               go to state 91
    ASSIGNMENT         go to state 30
    LOGICAL_OR         go to state 31
    LOGICAL_AND        go to state 32
    BIT_OR             go to state 33
    BIT_XOR            go to state 34
    BIT_AND            go to state 35
    COMPARE_EQUAL      go to state 36
    COMPARE_DIFFERENT  go to state 37
    SHIFT              go to state 38
    ADD_SUBTRACT       go to state 39
    TERM               go to state 40
    UNARY              go to state 41
    FACTOR             go to state 42


State 62

   50 ASSIGNMENT: T_VARIABLE T_TIMES_EQUALS . EXPR

    T_MINUS             shift, and go to state 21
    T_INCREMENT         shift, and go to state 22
    T_DECREMENT         shift, and go to state 23
    T_LOGICAL_NOT       shift, and go to state 24
    T_BITWISE_COMP      shift, and go to state 25
    T_OPEN_PARENTHESES  shift, and go to state 26
    T_NUMBER            shift, and go to state 27
    T_VARIABLE          shift, and go to state 28

    EXPR               go to state 92
    ASSIGNMENT         go to state 30
    LOGICAL_OR         go to state 31
    LOGICAL_AND        go to state 32
    BIT_OR             go to state 33
    BIT_XOR            go to state 34
    BIT_AND            go to state 35
    COMPARE_EQUAL      go to state 36
    COMPARE_DIFFERENT  go to state 37
    SHIFT              go to state 38
    ADD_SUBTRACT       go to state 39
    TERM               go to state 40
    UNARY              go to state 41
    FACTOR             go to state 42


State 63

   51 ASSIGNMENT: T_VARIABLE T_DIVIDE_EQUALS . EXPR

    T_MINUS             shift, and go to state 21
    T_INCREMENT         shift, and go to state 22
    T_DECREMENT         shift, and go to state 23
    T_LOGICAL_NOT       shift, and go to state 24
    T_BITWISE_COMP      shift, and go to state 25
    T_OPEN_PARENTHESES  shift, and go to state 26
    T_NUMBER            shift, and go to state 27
    T_VARIABLE          shift, and go to state 28

    EXPR               go to state 93
    ASSIGNMENT         go to state 30
    LOGICAL_OR         go to state 31
    LOGICAL_AND        go to state 32
    BIT_OR             go to state 33
    BIT_XOR            go to state 34
    BIT_AND            go to state 35
    COMPARE_EQUAL      go to state 36
    COMPARE_DIFFERENT  go to state 37
    SHIFT              go to state 38
    ADD_SUBTRACT       go to state 39
    TERM               go to state 40
    UNARY              go to state 41
    FACTOR             go to state 42


State 64

   90 FACTOR: T_VARIABLE T_OPEN_PARENTHESES . PARAMETERS_IN_LIST T_CLOSE_PARENTHESES
   91       | T_VARIABLE T_OPEN_PARENTHESES . T_CLOSE_PARENTHESES

    T_MINUS              shift, and go to state 21
    T_INCREMENT          shift, and go to state 22
    T_DECREMENT          shift, and go to state 23
    T_LOGICAL_NOT        shift, and go to state 24
    T_BITWISE_COMP       shift, and go to state 25
    T_OPEN_PARENTHESES   shift, and go to state 26
    T_CLOSE_PARENTHESES  shift, and go to state 94
    T_NUMBER             shift, and go to state 27
    T_VARIABLE           shift, and go to state 28

    PARAMETERS_IN_LIST  go to state 95
    EXPR                go to state 96
    ASSIGNMENT          go to state 30
    LOGICAL_OR          go to state 31
    LOGICAL_AND         go to state 32
    BIT_OR              go to state 33
    BIT_XOR             go to state 34
    BIT_AND             go to state 35
    COMPARE_EQUAL       go to state 36
    COMPARE_DIFFERENT   go to state 37
    SHIFT               go to state 38
    ADD_SUBTRACT        go to state 39
    TERM                go to state 40
    UNARY               go to state 41
    FACTOR              go to state 42


State 65

   52 LOGICAL_OR: LOGICAL_AND T_LOGICAL_OR . LOGICAL_OR

    T_MINUS             shift, and go to state 21
    T_INCREMENT         shift, and go to state 22
    T_DECREMENT         shift, and go to state 23
    T_LOGICAL_NOT       shift, and go to state 24
    T_BITWISE_COMP      shift, and go to state 25
    T_OPEN_PARENTHESES  shift, and go to state 26
    T_NUMBER            shift, and go to state 27
    T_VARIABLE          shift, and go to state 49

    LOGICAL_OR         go to state 97
    LOGICAL_AND        go to state 32
    BIT_OR             go to state 33
    BIT_XOR            go to state 34
    BIT_AND            go to state 35
    COMPARE_EQUAL      go to state 36
    COMPARE_DIFFERENT  go to state 37
    SHIFT              go to state 38
    ADD_SUBTRACT       go to state 39
    TERM               go to state 40
    UNARY              go to state 41
    FACTOR             go to state 42


State 66

   54 LOGICAL_AND: BIT_OR T_LOGICAL_AND . LOGICAL_AND

    T_MINUS             shift, and go to state 21
    T_INCREMENT         shift, and go to state 22
    T_DECREMENT         shift, and go to state 23
    T_LOGICAL_NOT       shift, and go to state 24
    T_BITWISE_COMP      shift, and go to state 25
    T_OPEN_PARENTHESES  shift, and go to state 26
    T_NUMBER            shift, and go to state 27
    T_VARIABLE          shift, and go to state 49

    LOGICAL_AND        go to state 98
    BIT_OR             go to state 33
    BIT_XOR            go to state 34
    BIT_AND            go to state 35
    COMPARE_EQUAL      go to state 36
    COMPARE_DIFFERENT  go to state 37
    SHIFT              go to state 38
    ADD_SUBTRACT       go to state 39
    TERM               go to state 40
    UNARY              go to state 41
    FACTOR             go to state 42


State 67

   56 BIT_OR: BIT_XOR T_BITWISE_OR . BIT_OR

    T_MINUS             shift, and go to state 21
    T_INCREMENT         shift, and go to state 22
    T_DECREMENT         shift, and go to state 23
    T_LOGICAL_NOT       shift, and go to state 24
    T_BITWISE_COMP      shift, and go to state 25
    T_OPEN_PARENTHESES  shift, and go to state 26
    T_NUMBER            shift, and go to state 27
    T_VARIABLE          shift, and go to state 49

    BIT_OR             go to state 99
    BIT_XOR            go to state 34
    BIT_AND            go to state 35
    COMPARE_EQUAL      go to state 36
    COMPARE_DIFFERENT  go to state 37
    SHIFT              go to state 38
    ADD_SUBTRACT       go to state 39
    TERM               go to state 40
    UNARY              go to state 41
    FACTOR             go to state 42


State 68

   58 BIT_XOR: BIT_AND T_BITWISE_XOR . BIT_XOR

    T_MINUS             shift, and go to state 21
    T_INCREMENT         shift, and go to state 22
    T_DECREMENT         shift, and go to state 23
    T_LOGICAL_NOT       shift, and go to state 24
    T_BITWISE_COMP      shift, and go to state 25
    T_OPEN_PARENTHESES  shift, and go to state 26
    T_NUMBER            shift, and go to state 27
    T_VARIABLE          shift, and go to state 49

    BIT_XOR            go to state 100
    BIT_AND            go to state 35
    COMPARE_EQUAL      go to state 36
    COMPARE_DIFFERENT  go to state 37
    SHIFT              go to state 38
    ADD_SUBTRACT       go to state 39
    TERM               go to state 40
    UNARY              go to state 41
    FACTOR             go to state 42


State 69

   60 BIT_AND: COMPARE_EQUAL T_BITWISE_AND . BIT_AND

    T_MINUS             shift, and go to state 21
    T_INCREMENT         shift, and go to state 22
    T_DECREMENT         shift, and go to state 23
    T_LOGICAL_NOT       shift, and go to state 24
    T_BITWISE_COMP      shift, and go to state 25
    T_OPEN_PARENTHESES  shift, and go to state 26
    T_NUMBER            shift, and go to state 27
    T_VARIABLE          shift, and go to state 49

    BIT_AND            go to state 101
    COMPARE_EQUAL      go to state 36
    COMPARE_DIFFERENT  go to state 37
    SHIFT              go to state 38
    ADD_SUBTRACT       go to state 39
    TERM               go to state 40
    UNARY              go to state 41
    FACTOR             go to state 42


State 70

   62 COMPARE_EQUAL: COMPARE_DIFFERENT T_EQUAL_TO . COMPARE_EQUAL

    T_MINUS             shift, and go to state 21
    T_INCREMENT         shift, and go to state 22
    T_DECREMENT         shift, and go to state 23
    T_LOGICAL_NOT       shift, and go to state 24
    T_BITWISE_COMP      shift, and go to state 25
    T_OPEN_PARENTHESES  shift, and go to state 26
    T_NUMBER            shift, and go to state 27
    T_VARIABLE          shift, and go to state 49

    COMPARE_EQUAL      go to state 102
    COMPARE_DIFFERENT  go to state 37
    SHIFT              go to state 38
    ADD_SUBTRACT       go to state 39
    TERM               go to state 40
    UNARY              go to state 41
    FACTOR             go to state 42


State 71

   63 COMPARE_EQUAL: COMPARE_DIFFERENT T_NOT_EQUAL_TO . COMPARE_EQUAL

    T_MINUS             shift, and go to state 21
    T_INCREMENT         shift, and go to state 22
    T_DECREMENT         shift, and go to state 23
    T_LOGICAL_NOT       shift, and go to state 24
    T_BITWISE_COMP      shift, and go to state 25
    T_OPEN_PARENTHESES  shift, and go to state 26
    T_NUMBER            shift, and go to state 27
    T_VARIABLE          shift, and go to state 49

    COMPARE_EQUAL      go to state 103
    COMPARE_DIFFERENT  go to state 37
    SHIFT              go to state 38
    ADD_SUBTRACT       go to state 39
    TERM               go to state 40
    UNARY              go to state 41
    FACTOR             go to state 42


State 72

   65 COMPARE_DIFFERENT: SHIFT T_LT . COMPARE_DIFFERENT

    T_MINUS             shift, and go to state 21
    T_INCREMENT         shift, and go to state 22
    T_DECREMENT         shift, and go to state 23
    T_LOGICAL_NOT       shift, and go to state 24
    T_BITWISE_COMP      shift, and go to state 25
    T_OPEN_PARENTHESES  shift, and go to state 26
    T_NUMBER            shift, and go to state 27
    T_VARIABLE          shift, and go to state 49

    COMPARE_DIFFERENT  go to state 104
    SHIFT              go to state 38
    ADD_SUBTRACT       go to state 39
    TERM               go to state 40
    UNARY              go to state 41
    FACTOR             go to state 42


State 73

   67 COMPARE_DIFFERENT: SHIFT T_GT . COMPARE_DIFFERENT

    T_MINUS             shift, and go to state 21
    T_INCREMENT         shift, and go to state 22
    T_DECREMENT         shift, and go to state 23
    T_LOGICAL_NOT       shift, and go to state 24
    T_BITWISE_COMP      shift, and go to state 25
    T_OPEN_PARENTHESES  shift, and go to state 26
    T_NUMBER            shift, and go to state 27
    T_VARIABLE          shift, and go to state 49

    COMPARE_DIFFERENT  go to state 105
    SHIFT              go to state 38
    ADD_SUBTRACT       go to state 39
    TERM               go to state 40
    UNARY              go to state 41
    FACTOR             go to state 42


State 74

   66 COMPARE_DIFFERENT: SHIFT T_LTEQ . COMPARE_DIFFERENT

    T_MINUS             shift, and go to state 21
    T_INCREMENT         shift, and go to state 22
    T_DECREMENT         shift, and go to state 23
    T_LOGICAL_NOT       shift, and go to state 24
    T_BITWISE_COMP      shift, and go to state 25
    T_OPEN_PARENTHESES  shift, and go to state 26
    T_NUMBER            shift, and go to state 27
    T_VARIABLE          shift, and go to state 49

    COMPARE_DIFFERENT  go to state 106
    SHIFT              go to state 38
    ADD_SUBTRACT       go to state 39
    TERM               go to state 40
    UNARY              go to state 41
    FACTOR             go to state 42


State 75

   68 COMPARE_DIFFERENT: SHIFT T_GTEQ . COMPARE_DIFFERENT

    T_MINUS             shift, and go to state 21
    T_INCREMENT         shift, and go to state 22
    T_DECREMENT         shift, and go to state 23
    T_LOGICAL_NOT       shift, and go to state 24
    T_BITWISE_COMP      shift, and go to state 25
    T_OPEN_PARENTHESES  shift, and go to state 26
    T_NUMBER            shift, and go to state 27
    T_VARIABLE          shift, and go to state 49

    COMPARE_DIFFERENT  go to state 107
    SHIFT              go to state 38
    ADD_SUBTRACT       go to state 39
    TERM               go to state 40
    UNARY              go to state 41
    FACTOR             go to state 42


State 76

   70 SHIFT: ADD_SUBTRACT T_LEFT_SHIFT . SHIFT

    T_MINUS             shift, and go to state 21
    T_INCREMENT         shift, and go to state 22
    T_DECREMENT         shift, and go to state 23
    T_LOGICAL_NOT       shift, and go to state 24
    T_BITWISE_COMP      shift, and go to state 25
    T_OPEN_PARENTHESES  shift, and go to state 26
    T_NUMBER            shift, and go to state 27
    T_VARIABLE          shift, and go to state 49

    SHIFT         go to state 108
    ADD_SUBTRACT  go to state 39
    TERM          go to state 40
    UNARY         go to state 41
    FACTOR        go to state 42


State 77

   71 SHIFT: ADD_SUBTRACT T_RIGHT_SHIFT . SHIFT

    T_MINUS             shift, and go to state 21
    T_INCREMENT         shift, and go to state 22
    T_DECREMENT         shift, and go to state 23
    T_LOGICAL_NOT       shift, and go to state 24
    T_BITWISE_COMP      shift, and go to state 25
    T_OPEN_PARENTHESES  shift, and go to state 26
    T_NUMBER            shift, and go to state 27
    T_VARIABLE          shift, and go to state 49

    SHIFT         go to state 109
    ADD_SUBTRACT  go to state 39
    TERM          go to state 40
    UNARY         go to state 41
    FACTOR        go to state 42


State 78

   73 ADD_SUBTRACT: TERM T_PLUS . ADD_SUBTRACT

    T_MINUS             shift, and go to state 21
    T_INCREMENT         shift, and go to state 22
    T_DECREMENT         shift, and go to state 23
    T_LOGICAL_NOT       shift, and go to state 24
    T_BITWISE_COMP      shift, and go to state 25
    T_OPEN_PARENTHESES  shift, and go to state 26
    T_NUMBER            shift, and go to state 27
    T_VARIABLE          shift, and go to state 49

    ADD_SUBTRACT  go to state 110
    TERM          go to state 40
    UNARY         go to state 41
    FACTOR        go to state 42


State 79

   74 ADD_SUBTRACT: TERM T_MINUS . ADD_SUBTRACT

    T_MINUS             shift, and go to state 21
    T_INCREMENT         shift, and go to state 22
    T_DECREMENT         shift, and go to state 23
    T_LOGICAL_NOT       shift, and go to state 24
    T_BITWISE_COMP      shift, and go to state 25
    T_OPEN_PARENTHESES  shift, and go to state 26
    T_NUMBER            shift, and go to state 27
    T_VARIABLE          shift, and go to state 49

    ADD_SUBTRACT  go to state 111
    TERM          go to state 40
    UNARY         go to state 41
    FACTOR        go to state 42


State 80

   76 TERM: UNARY T_TIMES . TERM

    T_MINUS             shift, and go to state 21
    T_INCREMENT         shift, and go to state 22
    T_DECREMENT         shift, and go to state 23
    T_LOGICAL_NOT       shift, and go to state 24
    T_BITWISE_COMP      shift, and go to state 25
    T_OPEN_PARENTHESES  shift, and go to state 26
    T_NUMBER            shift, and go to state 27
    T_VARIABLE          shift, and go to state 49

    TERM    go to state 112
    UNARY   go to state 41
    FACTOR  go to state 42


State 81

   77 TERM: UNARY T_DIVIDE . TERM

    T_MINUS             shift, and go to state 21
    T_INCREMENT         shift, and go to state 22
    T_DECREMENT         shift, and go to state 23
    T_LOGICAL_NOT       shift, and go to state 24
    T_BITWISE_COMP      shift, and go to state 25
    T_OPEN_PARENTHESES  shift, and go to state 26
    T_NUMBER            shift, and go to state 27
    T_VARIABLE          shift, and go to state 49

    TERM    go to state 113
    UNARY   go to state 41
    FACTOR  go to state 42


State 82

   20 SCOPE: T_OPEN_BRACES . SCOPE_BODY T_CLOSE_BRACES
   21      | T_OPEN_BRACES . T_CLOSE_BRACES

    T_INT               shift, and go to state 1
    T_VOID              shift, and go to state 2
    T_FLOAT             shift, and go to state 3
    T_DOUBLE            shift, and go to state 4
    T_RETURN            shift, and go to state 114
    T_IF                shift, and go to state 115
    T_WHILE             shift, and go to state 116
    T_FOR               shift, and go to state 117
    T_MINUS             shift, and go to state 21
    T_INCREMENT         shift, and go to state 22
    T_DECREMENT         shift, and go to state 23
    T_LOGICAL_NOT       shift, and go to state 24
    T_BITWISE_COMP      shift, and go to state 25
    T_OPEN_PARENTHESES  shift, and go to state 26
    T_CLOSE_BRACES      shift, and go to state 118
    T_NUMBER            shift, and go to state 27
    T_VARIABLE          shift, and go to state 28

    SCOPE_BODY         go to state 119
    STATEMENT          go to state 120
    LOCAL_DECLARATION  go to state 121
    TYPE               go to state 122
    EXPR               go to state 123
    ASSIGNMENT         go to state 30
    LOGICAL_OR         go to state 31
    LOGICAL_AND        go to state 32
    BIT_OR             go to state 33
    BIT_XOR            go to state 34
    BIT_AND            go to state 35
    COMPARE_EQUAL      go to state 36
    COMPARE_DIFFERENT  go to state 37
    SHIFT              go to state 38
    ADD_SUBTRACT       go to state 39
    TERM               go to state 40
    UNARY              go to state 41
    FACTOR             go to state 42


State 83

   15 FUNCTION_DEC: TYPE T_VARIABLE T_OPEN_PARENTHESES T_CLOSE_PARENTHESES T_SEMICOLON .

    $default  reduce using rule 15 (FUNCTION_DEC)


State 84

   12 FUNCTION_DEF: TYPE T_VARIABLE T_OPEN_PARENTHESES T_CLOSE_PARENTHESES SCOPE .

    $default  reduce using rule 12 (FUNCTION_DEF)


State 85

   13 FUNCTION_DEF: TYPE T_VARIABLE T_OPEN_PARENTHESES PARAMETER_LIST T_CLOSE_PARENTHESES . SCOPE
   16 FUNCTION_DEC: TYPE T_VARIABLE T_OPEN_PARENTHESES PARAMETER_LIST T_CLOSE_PARENTHESES . T_SEMICOLON

    T_OPEN_BRACES  shift, and go to state 82
    T_SEMICOLON    shift, and go to state 124

    SCOPE  go to state 125


State 86

   17 PARAMETER_LIST: PARAMETER T_COMMA . PARAMETER_LIST

    T_INT     shift, and go to state 1
    T_VOID    shift, and go to state 2
    T_FLOAT   shift, and go to state 3
    T_DOUBLE  shift, and go to state 4

    PARAMETER_LIST  go to state 126
    PARAMETER       go to state 45
    TYPE            go to state 46


State 87

   19 PARAMETER: TYPE T_VARIABLE .

    $default  reduce using rule 19 (PARAMETER)


State 88

   88 FACTOR: T_OPEN_PARENTHESES EXPR T_CLOSE_PARENTHESES .

    $default  reduce using rule 88 (FACTOR)


State 89

   47 ASSIGNMENT: T_VARIABLE T_EQUAL EXPR .

    $default  reduce using rule 47 (ASSIGNMENT)


State 90

   48 ASSIGNMENT: T_VARIABLE T_PLUS_EQUALS EXPR .

    $default  reduce using rule 48 (ASSIGNMENT)


State 91

   49 ASSIGNMENT: T_VARIABLE T_MINUS_EQUALS EXPR .

    $default  reduce using rule 49 (ASSIGNMENT)


State 92

   50 ASSIGNMENT: T_VARIABLE T_TIMES_EQUALS EXPR .

    $default  reduce using rule 50 (ASSIGNMENT)


State 93

   51 ASSIGNMENT: T_VARIABLE T_DIVIDE_EQUALS EXPR .

    $default  reduce using rule 51 (ASSIGNMENT)


State 94

   91 FACTOR: T_VARIABLE T_OPEN_PARENTHESES T_CLOSE_PARENTHESES .

    $default  reduce using rule 91 (FACTOR)


State 95

   90 FACTOR: T_VARIABLE T_OPEN_PARENTHESES PARAMETERS_IN_LIST . T_CLOSE_PARENTHESES

    T_CLOSE_PARENTHESES  shift, and go to state 127


State 96

   43 PARAMETERS_IN_LIST: EXPR . T_COMMA PARAMETERS_IN_LIST
   44                   | EXPR .

    T_COMMA  shift, and go to state 128

    $default  reduce using rule 44 (PARAMETERS_IN_LIST)


State 97

   52 LOGICAL_OR: LOGICAL_AND T_LOGICAL_OR LOGICAL_OR .

    $default  reduce using rule 52 (LOGICAL_OR)


State 98

   54 LOGICAL_AND: BIT_OR T_LOGICAL_AND LOGICAL_AND .

    $default  reduce using rule 54 (LOGICAL_AND)


State 99

   56 BIT_OR: BIT_XOR T_BITWISE_OR BIT_OR .

    $default  reduce using rule 56 (BIT_OR)


State 100

   58 BIT_XOR: BIT_AND T_BITWISE_XOR BIT_XOR .

    $default  reduce using rule 58 (BIT_XOR)


State 101

   60 BIT_AND: COMPARE_EQUAL T_BITWISE_AND BIT_AND .

    $default  reduce using rule 60 (BIT_AND)


State 102

   62 COMPARE_EQUAL: COMPARE_DIFFERENT T_EQUAL_TO COMPARE_EQUAL .

    $default  reduce using rule 62 (COMPARE_EQUAL)


State 103

   63 COMPARE_EQUAL: COMPARE_DIFFERENT T_NOT_EQUAL_TO COMPARE_EQUAL .

    $default  reduce using rule 63 (COMPARE_EQUAL)


State 104

   65 COMPARE_DIFFERENT: SHIFT T_LT COMPARE_DIFFERENT .

    $default  reduce using rule 65 (COMPARE_DIFFERENT)


State 105

   67 COMPARE_DIFFERENT: SHIFT T_GT COMPARE_DIFFERENT .

    $default  reduce using rule 67 (COMPARE_DIFFERENT)


State 106

   66 COMPARE_DIFFERENT: SHIFT T_LTEQ COMPARE_DIFFERENT .

    $default  reduce using rule 66 (COMPARE_DIFFERENT)


State 107

   68 COMPARE_DIFFERENT: SHIFT T_GTEQ COMPARE_DIFFERENT .

    $default  reduce using rule 68 (COMPARE_DIFFERENT)


State 108

   70 SHIFT: ADD_SUBTRACT T_LEFT_SHIFT SHIFT .

    $default  reduce using rule 70 (SHIFT)


State 109

   71 SHIFT: ADD_SUBTRACT T_RIGHT_SHIFT SHIFT .

    $default  reduce using rule 71 (SHIFT)


State 110

   73 ADD_SUBTRACT: TERM T_PLUS ADD_SUBTRACT .

    $default  reduce using rule 73 (ADD_SUBTRACT)


State 111

   74 ADD_SUBTRACT: TERM T_MINUS ADD_SUBTRACT .

    $default  reduce using rule 74 (ADD_SUBTRACT)


State 112

   76 TERM: UNARY T_TIMES TERM .

    $default  reduce using rule 76 (TERM)


State 113

   77 TERM: UNARY T_DIVIDE TERM .

    $default  reduce using rule 77 (TERM)


State 114

   25 STATEMENT: T_RETURN . EXPR T_SEMICOLON
   26          | T_RETURN . T_SEMICOLON

    T_MINUS             shift, and go to state 21
    T_INCREMENT         shift, and go to state 22
    T_DECREMENT         shift, and go to state 23
    T_LOGICAL_NOT       shift, and go to state 24
    T_BITWISE_COMP      shift, and go to state 25
    T_OPEN_PARENTHESES  shift, and go to state 26
    T_SEMICOLON         shift, and go to state 129
    T_NUMBER            shift, and go to state 27
    T_VARIABLE          shift, and go to state 28

    EXPR               go to state 130
    ASSIGNMENT         go to state 30
    LOGICAL_OR         go to state 31
    LOGICAL_AND        go to state 32
    BIT_OR             go to state 33
    BIT_XOR            go to state 34
    BIT_AND            go to state 35
    COMPARE_EQUAL      go to state 36
    COMPARE_DIFFERENT  go to state 37
    SHIFT              go to state 38
    ADD_SUBTRACT       go to state 39
    TERM               go to state 40
    UNARY              go to state 41
    FACTOR             go to state 42


State 115

   29 STATEMENT: T_IF . T_OPEN_PARENTHESES EXPR T_CLOSE_PARENTHESES STATEMENT_SCOPE
   30          | T_IF . T_OPEN_PARENTHESES EXPR T_CLOSE_PARENTHESES STATEMENT_SCOPE T_ELSE STATEMENT_SCOPE

    T_OPEN_PARENTHESES  shift, and go to state 131


State 116

   28 STATEMENT: T_WHILE . T_OPEN_PARENTHESES EXPR T_CLOSE_PARENTHESES STATEMENT_SCOPE

    T_OPEN_PARENTHESES  shift, and go to state 132


State 117

   31 STATEMENT: T_FOR . T_OPEN_PARENTHESES STATEMENT STATEMENT EXPR T_CLOSE_PARENTHESES STATEMENT_SCOPE

    T_OPEN_PARENTHESES  shift, and go to state 133


State 118

   21 SCOPE: T_OPEN_BRACES T_CLOSE_BRACES .

    $default  reduce using rule 21 (SCOPE)


State 119

   20 SCOPE: T_OPEN_BRACES SCOPE_BODY . T_CLOSE_BRACES

    T_CLOSE_BRACES  shift, and go to state 134


State 120

   22 SCOPE_BODY: STATEMENT . SCOPE_BODY
   23           | STATEMENT .

    T_INT               shift, and go to state 1
    T_VOID              shift, and go to state 2
    T_FLOAT             shift, and go to state 3
    T_DOUBLE            shift, and go to state 4
    T_RETURN            shift, and go to state 114
    T_IF                shift, and go to state 115
    T_WHILE             shift, and go to state 116
    T_FOR               shift, and go to state 117
    T_MINUS             shift, and go to state 21
    T_INCREMENT         shift, and go to state 22
    T_DECREMENT         shift, and go to state 23
    T_LOGICAL_NOT       shift, and go to state 24
    T_BITWISE_COMP      shift, and go to state 25
    T_OPEN_PARENTHESES  shift, and go to state 26
    T_NUMBER            shift, and go to state 27
    T_VARIABLE          shift, and go to state 28

    $default  reduce using rule 23 (SCOPE_BODY)

    SCOPE_BODY         go to state 135
    STATEMENT          go to state 120
    LOCAL_DECLARATION  go to state 121
    TYPE               go to state 122
    EXPR               go to state 123
    ASSIGNMENT         go to state 30
    LOGICAL_OR         go to state 31
    LOGICAL_AND        go to state 32
    BIT_OR             go to state 33
    BIT_XOR            go to state 34
    BIT_AND            go to state 35
    COMPARE_EQUAL      go to state 36
    COMPARE_DIFFERENT  go to state 37
    SHIFT              go to state 38
    ADD_SUBTRACT       go to state 39
    TERM               go to state 40
    UNARY              go to state 41
    FACTOR             go to state 42


State 121

   24 STATEMENT: LOCAL_DECLARATION . T_SEMICOLON

    T_SEMICOLON  shift, and go to state 136


State 122

   34 LOCAL_DECLARATION: TYPE . LOCAL_VAR_DEF_LIST

    T_VARIABLE  shift, and go to state 137

    LOCAL_VAR_DEF_LIST  go to state 138
    LOCAL_VAR_DEF       go to state 139


State 123

   27 STATEMENT: EXPR . T_SEMICOLON

    T_SEMICOLON  shift, and go to state 140


State 124

   16 FUNCTION_DEC: TYPE T_VARIABLE T_OPEN_PARENTHESES PARAMETER_LIST T_CLOSE_PARENTHESES T_SEMICOLON .

    $default  reduce using rule 16 (FUNCTION_DEC)


State 125

   13 FUNCTION_DEF: TYPE T_VARIABLE T_OPEN_PARENTHESES PARAMETER_LIST T_CLOSE_PARENTHESES SCOPE .

    $default  reduce using rule 13 (FUNCTION_DEF)


State 126

   17 PARAMETER_LIST: PARAMETER T_COMMA PARAMETER_LIST .

    $default  reduce using rule 17 (PARAMETER_LIST)


State 127

   90 FACTOR: T_VARIABLE T_OPEN_PARENTHESES PARAMETERS_IN_LIST T_CLOSE_PARENTHESES .

    $default  reduce using rule 90 (FACTOR)


State 128

   43 PARAMETERS_IN_LIST: EXPR T_COMMA . PARAMETERS_IN_LIST

    T_MINUS             shift, and go to state 21
    T_INCREMENT         shift, and go to state 22
    T_DECREMENT         shift, and go to state 23
    T_LOGICAL_NOT       shift, and go to state 24
    T_BITWISE_COMP      shift, and go to state 25
    T_OPEN_PARENTHESES  shift, and go to state 26
    T_NUMBER            shift, and go to state 27
    T_VARIABLE          shift, and go to state 28

    PARAMETERS_IN_LIST  go to state 141
    EXPR                go to state 96
    ASSIGNMENT          go to state 30
    LOGICAL_OR          go to state 31
    LOGICAL_AND         go to state 32
    BIT_OR              go to state 33
    BIT_XOR             go to state 34
    BIT_AND             go to state 35
    COMPARE_EQUAL       go to state 36
    COMPARE_DIFFERENT   go to state 37
    SHIFT               go to state 38
    ADD_SUBTRACT        go to state 39
    TERM                go to state 40
    UNARY               go to state 41
    FACTOR              go to state 42


State 129

   26 STATEMENT: T_RETURN T_SEMICOLON .

    $default  reduce using rule 26 (STATEMENT)


State 130

   25 STATEMENT: T_RETURN EXPR . T_SEMICOLON

    T_SEMICOLON  shift, and go to state 142


State 131

   29 STATEMENT: T_IF T_OPEN_PARENTHESES . EXPR T_CLOSE_PARENTHESES STATEMENT_SCOPE
   30          | T_IF T_OPEN_PARENTHESES . EXPR T_CLOSE_PARENTHESES STATEMENT_SCOPE T_ELSE STATEMENT_SCOPE

    T_MINUS             shift, and go to state 21
    T_INCREMENT         shift, and go to state 22
    T_DECREMENT         shift, and go to state 23
    T_LOGICAL_NOT       shift, and go to state 24
    T_BITWISE_COMP      shift, and go to state 25
    T_OPEN_PARENTHESES  shift, and go to state 26
    T_NUMBER            shift, and go to state 27
    T_VARIABLE          shift, and go to state 28

    EXPR               go to state 143
    ASSIGNMENT         go to state 30
    LOGICAL_OR         go to state 31
    LOGICAL_AND        go to state 32
    BIT_OR             go to state 33
    BIT_XOR            go to state 34
    BIT_AND            go to state 35
    COMPARE_EQUAL      go to state 36
    COMPARE_DIFFERENT  go to state 37
    SHIFT              go to state 38
    ADD_SUBTRACT       go to state 39
    TERM               go to state 40
    UNARY              go to state 41
    FACTOR             go to state 42


State 132

   28 STATEMENT: T_WHILE T_OPEN_PARENTHESES . EXPR T_CLOSE_PARENTHESES STATEMENT_SCOPE

    T_MINUS             shift, and go to state 21
    T_INCREMENT         shift, and go to state 22
    T_DECREMENT         shift, and go to state 23
    T_LOGICAL_NOT       shift, and go to state 24
    T_BITWISE_COMP      shift, and go to state 25
    T_OPEN_PARENTHESES  shift, and go to state 26
    T_NUMBER            shift, and go to state 27
    T_VARIABLE          shift, and go to state 28

    EXPR               go to state 144
    ASSIGNMENT         go to state 30
    LOGICAL_OR         go to state 31
    LOGICAL_AND        go to state 32
    BIT_OR             go to state 33
    BIT_XOR            go to state 34
    BIT_AND            go to state 35
    COMPARE_EQUAL      go to state 36
    COMPARE_DIFFERENT  go to state 37
    SHIFT              go to state 38
    ADD_SUBTRACT       go to state 39
    TERM               go to state 40
    UNARY              go to state 41
    FACTOR             go to state 42


State 133

   31 STATEMENT: T_FOR T_OPEN_PARENTHESES . STATEMENT STATEMENT EXPR T_CLOSE_PARENTHESES STATEMENT_SCOPE

    T_INT               shift, and go to state 1
    T_VOID              shift, and go to state 2
    T_FLOAT             shift, and go to state 3
    T_DOUBLE            shift, and go to state 4
    T_RETURN            shift, and go to state 114
    T_IF                shift, and go to state 115
    T_WHILE             shift, and go to state 116
    T_FOR               shift, and go to state 117
    T_MINUS             shift, and go to state 21
    T_INCREMENT         shift, and go to state 22
    T_DECREMENT         shift, and go to state 23
    T_LOGICAL_NOT       shift, and go to state 24
    T_BITWISE_COMP      shift, and go to state 25
    T_OPEN_PARENTHESES  shift, and go to state 26
    T_NUMBER            shift, and go to state 27
    T_VARIABLE          shift, and go to state 28

    STATEMENT          go to state 145
    LOCAL_DECLARATION  go to state 121
    TYPE               go to state 122
    EXPR               go to state 123
    ASSIGNMENT         go to state 30
    LOGICAL_OR         go to state 31
    LOGICAL_AND        go to state 32
    BIT_OR             go to state 33
    BIT_XOR            go to state 34
    BIT_AND            go to state 35
    COMPARE_EQUAL      go to state 36
    COMPARE_DIFFERENT  go to state 37
    SHIFT              go to state 38
    ADD_SUBTRACT       go to state 39
    TERM               go to state 40
    UNARY              go to state 41
    FACTOR             go to state 42


State 134

   20 SCOPE: T_OPEN_BRACES SCOPE_BODY T_CLOSE_BRACES .

    $default  reduce using rule 20 (SCOPE)


State 135

   22 SCOPE_BODY: STATEMENT SCOPE_BODY .

    $default  reduce using rule 22 (SCOPE_BODY)


State 136

   24 STATEMENT: LOCAL_DECLARATION T_SEMICOLON .

    $default  reduce using rule 24 (STATEMENT)


State 137

   37 LOCAL_VAR_DEF: T_VARIABLE .
   38              | T_VARIABLE . T_EQUAL EXPR

    T_EQUAL  shift, and go to state 146

    $default  reduce using rule 37 (LOCAL_VAR_DEF)


State 138

   34 LOCAL_DECLARATION: TYPE LOCAL_VAR_DEF_LIST .

    $default  reduce using rule 34 (LOCAL_DECLARATION)


State 139

   35 LOCAL_VAR_DEF_LIST: LOCAL_VAR_DEF . T_COMMA LOCAL_VAR_DEF_LIST
   36                   | LOCAL_VAR_DEF .

    T_COMMA  shift, and go to state 147

    $default  reduce using rule 36 (LOCAL_VAR_DEF_LIST)


State 140

   27 STATEMENT: EXPR T_SEMICOLON .

    $default  reduce using rule 27 (STATEMENT)


State 141

   43 PARAMETERS_IN_LIST: EXPR T_COMMA PARAMETERS_IN_LIST .

    $default  reduce using rule 43 (PARAMETERS_IN_LIST)


State 142

   25 STATEMENT: T_RETURN EXPR T_SEMICOLON .

    $default  reduce using rule 25 (STATEMENT)


State 143

   29 STATEMENT: T_IF T_OPEN_PARENTHESES EXPR . T_CLOSE_PARENTHESES STATEMENT_SCOPE
   30          | T_IF T_OPEN_PARENTHESES EXPR . T_CLOSE_PARENTHESES STATEMENT_SCOPE T_ELSE STATEMENT_SCOPE

    T_CLOSE_PARENTHESES  shift, and go to state 148


State 144

   28 STATEMENT: T_WHILE T_OPEN_PARENTHESES EXPR . T_CLOSE_PARENTHESES STATEMENT_SCOPE

    T_CLOSE_PARENTHESES  shift, and go to state 149


State 145

   31 STATEMENT: T_FOR T_OPEN_PARENTHESES STATEMENT . STATEMENT EXPR T_CLOSE_PARENTHESES STATEMENT_SCOPE

    T_INT               shift, and go to state 1
    T_VOID              shift, and go to state 2
    T_FLOAT             shift, and go to state 3
    T_DOUBLE            shift, and go to state 4
    T_RETURN            shift, and go to state 114
    T_IF                shift, and go to state 115
    T_WHILE             shift, and go to state 116
    T_FOR               shift, and go to state 117
    T_MINUS             shift, and go to state 21
    T_INCREMENT         shift, and go to state 22
    T_DECREMENT         shift, and go to state 23
    T_LOGICAL_NOT       shift, and go to state 24
    T_BITWISE_COMP      shift, and go to state 25
    T_OPEN_PARENTHESES  shift, and go to state 26
    T_NUMBER            shift, and go to state 27
    T_VARIABLE          shift, and go to state 28

    STATEMENT          go to state 150
    LOCAL_DECLARATION  go to state 121
    TYPE               go to state 122
    EXPR               go to state 123
    ASSIGNMENT         go to state 30
    LOGICAL_OR         go to state 31
    LOGICAL_AND        go to state 32
    BIT_OR             go to state 33
    BIT_XOR            go to state 34
    BIT_AND            go to state 35
    COMPARE_EQUAL      go to state 36
    COMPARE_DIFFERENT  go to state 37
    SHIFT              go to state 38
    ADD_SUBTRACT       go to state 39
    TERM               go to state 40
    UNARY              go to state 41
    FACTOR             go to state 42


State 146

   38 LOCAL_VAR_DEF: T_VARIABLE T_EQUAL . EXPR

    T_MINUS             shift, and go to state 21
    T_INCREMENT         shift, and go to state 22
    T_DECREMENT         shift, and go to state 23
    T_LOGICAL_NOT       shift, and go to state 24
    T_BITWISE_COMP      shift, and go to state 25
    T_OPEN_PARENTHESES  shift, and go to state 26
    T_NUMBER            shift, and go to state 27
    T_VARIABLE          shift, and go to state 28

    EXPR               go to state 151
    ASSIGNMENT         go to state 30
    LOGICAL_OR         go to state 31
    LOGICAL_AND        go to state 32
    BIT_OR             go to state 33
    BIT_XOR            go to state 34
    BIT_AND            go to state 35
    COMPARE_EQUAL      go to state 36
    COMPARE_DIFFERENT  go to state 37
    SHIFT              go to state 38
    ADD_SUBTRACT       go to state 39
    TERM               go to state 40
    UNARY              go to state 41
    FACTOR             go to state 42


State 147

   35 LOCAL_VAR_DEF_LIST: LOCAL_VAR_DEF T_COMMA . LOCAL_VAR_DEF_LIST

    T_VARIABLE  shift, and go to state 137

    LOCAL_VAR_DEF_LIST  go to state 152
    LOCAL_VAR_DEF       go to state 139


State 148

   29 STATEMENT: T_IF T_OPEN_PARENTHESES EXPR T_CLOSE_PARENTHESES . STATEMENT_SCOPE
   30          | T_IF T_OPEN_PARENTHESES EXPR T_CLOSE_PARENTHESES . STATEMENT_SCOPE T_ELSE STATEMENT_SCOPE

    T_INT               shift, and go to state 1
    T_VOID              shift, and go to state 2
    T_FLOAT             shift, and go to state 3
    T_DOUBLE            shift, and go to state 4
    T_RETURN            shift, and go to state 114
    T_IF                shift, and go to state 115
    T_WHILE             shift, and go to state 116
    T_FOR               shift, and go to state 117
    T_MINUS             shift, and go to state 21
    T_INCREMENT         shift, and go to state 22
    T_DECREMENT         shift, and go to state 23
    T_LOGICAL_NOT       shift, and go to state 24
    T_BITWISE_COMP      shift, and go to state 25
    T_OPEN_PARENTHESES  shift, and go to state 26
    T_OPEN_BRACES       shift, and go to state 82
    T_NUMBER            shift, and go to state 27
    T_VARIABLE          shift, and go to state 28

    SCOPE              go to state 153
    STATEMENT          go to state 154
    STATEMENT_SCOPE    go to state 155
    LOCAL_DECLARATION  go to state 121
    TYPE               go to state 122
    EXPR               go to state 123
    ASSIGNMENT         go to state 30
    LOGICAL_OR         go to state 31
    LOGICAL_AND        go to state 32
    BIT_OR             go to state 33
    BIT_XOR            go to state 34
    BIT_AND            go to state 35
    COMPARE_EQUAL      go to state 36
    COMPARE_DIFFERENT  go to state 37
    SHIFT              go to state 38
    ADD_SUBTRACT       go to state 39
    TERM               go to state 40
    UNARY              go to state 41
    FACTOR             go to state 42


State 149

   28 STATEMENT: T_WHILE T_OPEN_PARENTHESES EXPR T_CLOSE_PARENTHESES . STATEMENT_SCOPE

    T_INT               shift, and go to state 1
    T_VOID              shift, and go to state 2
    T_FLOAT             shift, and go to state 3
    T_DOUBLE            shift, and go to state 4
    T_RETURN            shift, and go to state 114
    T_IF                shift, and go to state 115
    T_WHILE             shift, and go to state 116
    T_FOR               shift, and go to state 117
    T_MINUS             shift, and go to state 21
    T_INCREMENT         shift, and go to state 22
    T_DECREMENT         shift, and go to state 23
    T_LOGICAL_NOT       shift, and go to state 24
    T_BITWISE_COMP      shift, and go to state 25
    T_OPEN_PARENTHESES  shift, and go to state 26
    T_OPEN_BRACES       shift, and go to state 82
    T_NUMBER            shift, and go to state 27
    T_VARIABLE          shift, and go to state 28

    SCOPE              go to state 153
    STATEMENT          go to state 154
    STATEMENT_SCOPE    go to state 156
    LOCAL_DECLARATION  go to state 121
    TYPE               go to state 122
    EXPR               go to state 123
    ASSIGNMENT         go to state 30
    LOGICAL_OR         go to state 31
    LOGICAL_AND        go to state 32
    BIT_OR             go to state 33
    BIT_XOR            go to state 34
    BIT_AND            go to state 35
    COMPARE_EQUAL      go to state 36
    COMPARE_DIFFERENT  go to state 37
    SHIFT              go to state 38
    ADD_SUBTRACT       go to state 39
    TERM               go to state 40
    UNARY              go to state 41
    FACTOR             go to state 42


State 150

   31 STATEMENT: T_FOR T_OPEN_PARENTHESES STATEMENT STATEMENT . EXPR T_CLOSE_PARENTHESES STATEMENT_SCOPE

    T_MINUS             shift, and go to state 21
    T_INCREMENT         shift, and go to state 22
    T_DECREMENT         shift, and go to state 23
    T_LOGICAL_NOT       shift, and go to state 24
    T_BITWISE_COMP      shift, and go to state 25
    T_OPEN_PARENTHESES  shift, and go to state 26
    T_NUMBER            shift, and go to state 27
    T_VARIABLE          shift, and go to state 28

    EXPR               go to state 157
    ASSIGNMENT         go to state 30
    LOGICAL_OR         go to state 31
    LOGICAL_AND        go to state 32
    BIT_OR             go to state 33
    BIT_XOR            go to state 34
    BIT_AND            go to state 35
    COMPARE_EQUAL      go to state 36
    COMPARE_DIFFERENT  go to state 37
    SHIFT              go to state 38
    ADD_SUBTRACT       go to state 39
    TERM               go to state 40
    UNARY              go to state 41
    FACTOR             go to state 42


State 151

   38 LOCAL_VAR_DEF: T_VARIABLE T_EQUAL EXPR .

    $default  reduce using rule 38 (LOCAL_VAR_DEF)


State 152

   35 LOCAL_VAR_DEF_LIST: LOCAL_VAR_DEF T_COMMA LOCAL_VAR_DEF_LIST .

    $default  reduce using rule 35 (LOCAL_VAR_DEF_LIST)


State 153

   33 STATEMENT_SCOPE: SCOPE .

    $default  reduce using rule 33 (STATEMENT_SCOPE)


State 154

   32 STATEMENT_SCOPE: STATEMENT .

    $default  reduce using rule 32 (STATEMENT_SCOPE)


State 155

   29 STATEMENT: T_IF T_OPEN_PARENTHESES EXPR T_CLOSE_PARENTHESES STATEMENT_SCOPE .
   30          | T_IF T_OPEN_PARENTHESES EXPR T_CLOSE_PARENTHESES STATEMENT_SCOPE . T_ELSE STATEMENT_SCOPE

    T_ELSE  shift, and go to state 158

    T_ELSE    [reduce using rule 29 (STATEMENT)]
    $default  reduce using rule 29 (STATEMENT)


State 156

   28 STATEMENT: T_WHILE T_OPEN_PARENTHESES EXPR T_CLOSE_PARENTHESES STATEMENT_SCOPE .

    $default  reduce using rule 28 (STATEMENT)


State 157

   31 STATEMENT: T_FOR T_OPEN_PARENTHESES STATEMENT STATEMENT EXPR . T_CLOSE_PARENTHESES STATEMENT_SCOPE

    T_CLOSE_PARENTHESES  shift, and go to state 159


State 158

   30 STATEMENT: T_IF T_OPEN_PARENTHESES EXPR T_CLOSE_PARENTHESES STATEMENT_SCOPE T_ELSE . STATEMENT_SCOPE

    T_INT               shift, and go to state 1
    T_VOID              shift, and go to state 2
    T_FLOAT             shift, and go to state 3
    T_DOUBLE            shift, and go to state 4
    T_RETURN            shift, and go to state 114
    T_IF                shift, and go to state 115
    T_WHILE             shift, and go to state 116
    T_FOR               shift, and go to state 117
    T_MINUS             shift, and go to state 21
    T_INCREMENT         shift, and go to state 22
    T_DECREMENT         shift, and go to state 23
    T_LOGICAL_NOT       shift, and go to state 24
    T_BITWISE_COMP      shift, and go to state 25
    T_OPEN_PARENTHESES  shift, and go to state 26
    T_OPEN_BRACES       shift, and go to state 82
    T_NUMBER            shift, and go to state 27
    T_VARIABLE          shift, and go to state 28

    SCOPE              go to state 153
    STATEMENT          go to state 154
    STATEMENT_SCOPE    go to state 160
    LOCAL_DECLARATION  go to state 121
    TYPE               go to state 122
    EXPR               go to state 123
    ASSIGNMENT         go to state 30
    LOGICAL_OR         go to state 31
    LOGICAL_AND        go to state 32
    BIT_OR             go to state 33
    BIT_XOR            go to state 34
    BIT_AND            go to state 35
    COMPARE_EQUAL      go to state 36
    COMPARE_DIFFERENT  go to state 37
    SHIFT              go to state 38
    ADD_SUBTRACT       go to state 39
    TERM               go to state 40
    UNARY              go to state 41
    FACTOR             go to state 42


State 159

   31 STATEMENT: T_FOR T_OPEN_PARENTHESES STATEMENT STATEMENT EXPR T_CLOSE_PARENTHESES . STATEMENT_SCOPE

    T_INT               shift, and go to state 1
    T_VOID              shift, and go to state 2
    T_FLOAT             shift, and go to state 3
    T_DOUBLE            shift, and go to state 4
    T_RETURN            shift, and go to state 114
    T_IF                shift, and go to state 115
    T_WHILE             shift, and go to state 116
    T_FOR               shift, and go to state 117
    T_MINUS             shift, and go to state 21
    T_INCREMENT         shift, and go to state 22
    T_DECREMENT         shift, and go to state 23
    T_LOGICAL_NOT       shift, and go to state 24
    T_BITWISE_COMP      shift, and go to state 25
    T_OPEN_PARENTHESES  shift, and go to state 26
    T_OPEN_BRACES       shift, and go to state 82
    T_NUMBER            shift, and go to state 27
    T_VARIABLE          shift, and go to state 28

    SCOPE              go to state 153
    STATEMENT          go to state 154
    STATEMENT_SCOPE    go to state 161
    LOCAL_DECLARATION  go to state 121
    TYPE               go to state 122
    EXPR               go to state 123
    ASSIGNMENT         go to state 30
    LOGICAL_OR         go to state 31
    LOGICAL_AND        go to state 32
    BIT_OR             go to state 33
    BIT_XOR            go to state 34
    BIT_AND            go to state 35
    COMPARE_EQUAL      go to state 36
    COMPARE_DIFFERENT  go to state 37
    SHIFT              go to state 38
    ADD_SUBTRACT       go to state 39
    TERM               go to state 40
    UNARY              go to state 41
    FACTOR             go to state 42


State 160

   30 STATEMENT: T_IF T_OPEN_PARENTHESES EXPR T_CLOSE_PARENTHESES STATEMENT_SCOPE T_ELSE STATEMENT_SCOPE .

    $default  reduce using rule 30 (STATEMENT)


State 161

   31 STATEMENT: T_FOR T_OPEN_PARENTHESES STATEMENT STATEMENT EXPR T_CLOSE_PARENTHESES STATEMENT_SCOPE .

    $default  reduce using rule 31 (STATEMENT)
